2025-12-12 23:00:04.938  INFO 36772 --- [restartedMain] c.w.prueba3.prueba3.Prueba3Application   : Starting Prueba3Application using Java 21.0.9 with PID 36772 (C:\Users\histo\OneDrive\Escritorio\WEB2-PRUEBA3\target\classes started by histo in C:\Users\histo\OneDrive\Escritorio\WEB2-PRUEBA3)
2025-12-12 23:00:04.939 DEBUG 36772 --- [restartedMain] c.w.prueba3.prueba3.Prueba3Application   : Running with Spring Boot v3.5.8, Spring v6.2.14
2025-12-12 23:00:04.939  INFO 36772 --- [restartedMain] c.w.prueba3.prueba3.Prueba3Application   : The following 1 profile is active: "dev"
2025-12-12 23:00:05.273  INFO 36772 --- [restartedMain] .s.d.r.c.RepositoryConfigurationDelegate : Bootstrapping Spring Data JPA repositories in DEFAULT mode.
2025-12-12 23:00:05.294  INFO 36772 --- [restartedMain] .s.d.r.c.RepositoryConfigurationDelegate : Finished Spring Data repository scanning in 19 ms. Found 7 JPA repository interfaces.
2025-12-12 23:00:05.361  INFO 36772 --- [restartedMain] o.s.b.w.embedded.tomcat.TomcatWebServer  : Tomcat initialized with port 8080 (http)
2025-12-12 23:00:05.361  INFO 36772 --- [restartedMain] o.a.coyote.http11.Http11NioProtocol      : Initializing ProtocolHandler ["http-nio-8080"]
2025-12-12 23:00:05.362  INFO 36772 --- [restartedMain] o.apache.catalina.core.StandardService   : Starting service [Tomcat]
2025-12-12 23:00:05.362  INFO 36772 --- [restartedMain] o.apache.catalina.core.StandardEngine    : Starting Servlet engine: [Apache Tomcat/10.1.49]
2025-12-12 23:00:05.388  INFO 36772 --- [restartedMain] o.a.c.c.C.[Tomcat].[localhost].[/]       : Initializing Spring embedded WebApplicationContext
2025-12-12 23:00:05.388  INFO 36772 --- [restartedMain] w.s.c.ServletWebServerApplicationContext : Root WebApplicationContext: initialization completed in 446 ms
2025-12-12 23:00:05.418  INFO 36772 --- [restartedMain] o.hibernate.jpa.internal.util.LogHelper  : HHH000204: Processing PersistenceUnitInfo [name: default]
2025-12-12 23:00:05.421  INFO 36772 --- [restartedMain] o.h.c.internal.RegionFactoryInitiator    : HHH000026: Second-level cache disabled
2025-12-12 23:00:05.428  INFO 36772 --- [restartedMain] o.s.o.j.p.SpringPersistenceUnitInfo      : No LoadTimeWeaver setup: ignoring JPA class transformer
2025-12-12 23:00:05.429  INFO 36772 --- [restartedMain] com.zaxxer.hikari.HikariDataSource       : HikariPool-2 - Starting...
2025-12-12 23:00:05.430  INFO 36772 --- [restartedMain] com.zaxxer.hikari.pool.HikariPool        : HikariPool-2 - Added connection conn10: url=jdbc:h2:mem:prueba3 user=SA
2025-12-12 23:00:05.431  INFO 36772 --- [restartedMain] com.zaxxer.hikari.HikariDataSource       : HikariPool-2 - Start completed.
2025-12-12 23:00:05.431  INFO 36772 --- [restartedMain] org.hibernate.orm.connections.pooling    : HHH10001005: Database info:
	Database JDBC URL [Connecting through datasource 'HikariDataSource (HikariPool-2)']
	Database driver: undefined/unknown
	Database version: 2.3.232
	Autocommit mode: undefined/unknown
	Isolation level: undefined/unknown
	Minimum pool size: undefined/unknown
	Maximum pool size: undefined/unknown
2025-12-12 23:00:05.536  INFO 36772 --- [restartedMain] o.h.e.t.j.p.i.JtaPlatformInitiator       : HHH000489: No JTA platform available (set 'hibernate.transaction.jta.platform' to enable JTA platform integration)
2025-12-12 23:00:05.536 DEBUG 36772 --- [restartedMain] org.hibernate.SQL                        : 
    drop table if exists carrera cascade 
2025-12-12 23:00:05.536 DEBUG 36772 --- [restartedMain] org.hibernate.SQL                        : 
    drop table if exists empresas cascade 
2025-12-12 23:00:05.537 DEBUG 36772 --- [restartedMain] org.hibernate.SQL                        : 
    drop table if exists estudiantes cascade 
2025-12-12 23:00:05.538 DEBUG 36772 --- [restartedMain] org.hibernate.SQL                        : 
    drop table if exists jefe_empresa cascade 
2025-12-12 23:00:05.538 DEBUG 36772 --- [restartedMain] org.hibernate.SQL                        : 
    drop table if exists practicas_profesionales cascade 
2025-12-12 23:00:05.539 DEBUG 36772 --- [restartedMain] org.hibernate.SQL                        : 
    drop table if exists profesores cascade 
2025-12-12 23:00:05.539 DEBUG 36772 --- [restartedMain] org.hibernate.SQL                        : 
    drop table if exists tipo_usuario cascade 
2025-12-12 23:00:05.540 DEBUG 36772 --- [restartedMain] org.hibernate.SQL                        : 
    create table carrera (
        id bigint generated by default as identity,
        nombre_carrera varchar(150) not null,
        primary key (id)
    )
2025-12-12 23:00:05.541 DEBUG 36772 --- [restartedMain] org.hibernate.SQL                        : 
    create table empresas (
        id bigint generated by default as identity,
        jefe_id bigint not null,
        telefono varchar(20),
        email varchar(150) unique,
        nombre varchar(150) not null,
        direccion varchar(200),
        primary key (id)
    )
2025-12-12 23:00:05.542 DEBUG 36772 --- [restartedMain] org.hibernate.SQL                        : 
    create table estudiantes (
        activo boolean not null,
        carrera_id bigint not null,
        id bigint generated by default as identity,
        tipo_usuario_id bigint not null,
        apellido varchar(100) not null,
        nombre varchar(100) not null,
        mail_estudiante varchar(150) not null unique,
        password varchar(255) not null,
        primary key (id)
    )
2025-12-12 23:00:05.543 DEBUG 36772 --- [restartedMain] org.hibernate.SQL                        : 
    create table jefe_empresa (
        id bigint generated by default as identity,
        apellidos varchar(100) not null,
        nombre varchar(100) not null,
        mail varchar(150) not null unique,
        primary key (id)
    )
2025-12-12 23:00:05.545 DEBUG 36772 --- [restartedMain] org.hibernate.SQL                        : 
    create table practicas_profesionales (
        fecha_fin date not null,
        fecha_inicio date not null,
        empresa_id bigint not null,
        estudiante_id bigint not null,
        id bigint generated by default as identity,
        profesor_id bigint not null,
        actividades TEXT,
        primary key (id)
    )
2025-12-12 23:00:05.546 DEBUG 36772 --- [restartedMain] org.hibernate.SQL                        : 
    create table profesores (
        activo boolean not null,
        id bigint generated by default as identity,
        tipo_usuario_id bigint not null,
        apellidos varchar(100) not null,
        nombres varchar(100) not null,
        correo_electronico varchar(150) not null unique,
        email varchar(150) not null unique,
        password varchar(255) not null,
        primary key (id)
    )
2025-12-12 23:00:05.546 DEBUG 36772 --- [restartedMain] org.hibernate.SQL                        : 
    create table tipo_usuario (
        id bigint generated by default as identity,
        tipo varchar(50) not null unique,
        primary key (id)
    )
2025-12-12 23:00:05.548 DEBUG 36772 --- [restartedMain] org.hibernate.SQL                        : 
    alter table if exists empresas 
       add constraint FKn5cqp3wmbq1ij9tydx9g8lcac 
       foreign key (jefe_id) 
       references jefe_empresa
2025-12-12 23:00:05.549 DEBUG 36772 --- [restartedMain] org.hibernate.SQL                        : 
    alter table if exists estudiantes 
       add constraint FK5w6b3jh3e6ci3dh8s8hycq177 
       foreign key (carrera_id) 
       references carrera
2025-12-12 23:00:05.550 DEBUG 36772 --- [restartedMain] org.hibernate.SQL                        : 
    alter table if exists estudiantes 
       add constraint FKjmquhjh80fld52mwpucj14gl8 
       foreign key (tipo_usuario_id) 
       references tipo_usuario
2025-12-12 23:00:05.551 DEBUG 36772 --- [restartedMain] org.hibernate.SQL                        : 
    alter table if exists practicas_profesionales 
       add constraint FK1n30g8df5vrxrv2bc4yib5rob 
       foreign key (empresa_id) 
       references empresas
2025-12-12 23:00:05.552 DEBUG 36772 --- [restartedMain] org.hibernate.SQL                        : 
    alter table if exists practicas_profesionales 
       add constraint FKboivm8ljxuqg164bgf2pxy8dx 
       foreign key (estudiante_id) 
       references estudiantes
2025-12-12 23:00:05.553 DEBUG 36772 --- [restartedMain] org.hibernate.SQL                        : 
    alter table if exists practicas_profesionales 
       add constraint FK1qryy7v5gnccdfp0nw8wt2fnn 
       foreign key (profesor_id) 
       references profesores
2025-12-12 23:00:05.555 DEBUG 36772 --- [restartedMain] org.hibernate.SQL                        : 
    alter table if exists profesores 
       add constraint FKo0i5bw8ski6xmqi2flnjmllx2 
       foreign key (tipo_usuario_id) 
       references tipo_usuario
2025-12-12 23:00:05.556  INFO 36772 --- [restartedMain] j.LocalContainerEntityManagerFactoryBean : Initialized JPA EntityManagerFactory for persistence unit 'default'
2025-12-12 23:00:05.688  INFO 36772 --- [restartedMain] o.s.b.a.w.s.WelcomePageHandlerMapping    : Adding welcome page template: index
2025-12-12 23:00:05.745  INFO 36772 --- [restartedMain] o.s.b.a.e.web.EndpointLinksResolver      : Exposing 1 endpoint beneath base path '/actuator'
2025-12-12 23:00:05.803  INFO 36772 --- [restartedMain] o.s.b.a.h2.H2ConsoleAutoConfiguration    : H2 console available at '/h2-console'. Database available at 'jdbc:h2:mem:prueba3'
2025-12-12 23:00:05.808  INFO 36772 --- [restartedMain] o.s.b.d.a.OptionalLiveReloadServer       : LiveReload server is running on port 35729
2025-12-12 23:00:05.815  INFO 36772 --- [restartedMain] o.a.coyote.http11.Http11NioProtocol      : Starting ProtocolHandler ["http-nio-8080"]
2025-12-12 23:00:05.818  INFO 36772 --- [restartedMain] o.s.b.w.embedded.tomcat.TomcatWebServer  : Tomcat started on port 8080 (http) with context path '/'
2025-12-12 23:00:05.827  INFO 36772 --- [restartedMain] c.w.prueba3.prueba3.Prueba3Application   : Started Prueba3Application in 0.967 seconds (process running for 355.613)
2025-12-12 23:00:05.828 DEBUG 36772 --- [restartedMain] o.h.e.t.internal.TransactionImpl         : On TransactionImpl creation, JpaCompliance#isJpaTransactionComplianceEnabled == false
2025-12-12 23:00:05.829 DEBUG 36772 --- [restartedMain] o.h.e.t.internal.TransactionImpl         : begin
2025-12-12 23:00:05.830 DEBUG 36772 --- [restartedMain] org.hibernate.SQL                        : 
    insert 
    into
        tipo_usuario
        (tipo, id) 
    values
        (?, default)
2025-12-12 23:00:05.832 DEBUG 36772 --- [restartedMain] o.h.e.t.internal.TransactionImpl         : committing
2025-12-12 23:00:05.833 DEBUG 36772 --- [restartedMain] o.h.e.t.internal.TransactionImpl         : On TransactionImpl creation, JpaCompliance#isJpaTransactionComplianceEnabled == false
2025-12-12 23:00:05.833 DEBUG 36772 --- [restartedMain] o.h.e.t.internal.TransactionImpl         : begin
2025-12-12 23:00:05.834 DEBUG 36772 --- [restartedMain] org.hibernate.SQL                        : 
    insert 
    into
        tipo_usuario
        (tipo, id) 
    values
        (?, default)
2025-12-12 23:00:05.834 DEBUG 36772 --- [restartedMain] o.h.e.t.internal.TransactionImpl         : committing
2025-12-12 23:00:05.835 DEBUG 36772 --- [restartedMain] o.h.e.t.internal.TransactionImpl         : On TransactionImpl creation, JpaCompliance#isJpaTransactionComplianceEnabled == false
2025-12-12 23:00:05.835 DEBUG 36772 --- [restartedMain] o.h.e.t.internal.TransactionImpl         : begin
2025-12-12 23:00:05.836 DEBUG 36772 --- [restartedMain] org.hibernate.SQL                        : 
    insert 
    into
        carrera
        (nombre_carrera, id) 
    values
        (?, default)
2025-12-12 23:00:05.837 DEBUG 36772 --- [restartedMain] o.h.e.t.internal.TransactionImpl         : committing
2025-12-12 23:00:05.838 DEBUG 36772 --- [restartedMain] o.h.e.t.internal.TransactionImpl         : On TransactionImpl creation, JpaCompliance#isJpaTransactionComplianceEnabled == false
2025-12-12 23:00:05.838 DEBUG 36772 --- [restartedMain] o.h.e.t.internal.TransactionImpl         : begin
2025-12-12 23:00:05.839 DEBUG 36772 --- [restartedMain] org.hibernate.SQL                        : 
    insert 
    into
        carrera
        (nombre_carrera, id) 
    values
        (?, default)
2025-12-12 23:00:05.840 DEBUG 36772 --- [restartedMain] o.h.e.t.internal.TransactionImpl         : committing
2025-12-12 23:00:05.840 DEBUG 36772 --- [restartedMain] o.h.e.t.internal.TransactionImpl         : On TransactionImpl creation, JpaCompliance#isJpaTransactionComplianceEnabled == false
2025-12-12 23:00:05.840 DEBUG 36772 --- [restartedMain] o.h.e.t.internal.TransactionImpl         : begin
2025-12-12 23:00:05.841 DEBUG 36772 --- [restartedMain] org.hibernate.SQL                        : 
    insert 
    into
        carrera
        (nombre_carrera, id) 
    values
        (?, default)
2025-12-12 23:00:05.842 DEBUG 36772 --- [restartedMain] o.h.e.t.internal.TransactionImpl         : committing
2025-12-12 23:00:05.904 DEBUG 36772 --- [restartedMain] o.h.e.t.internal.TransactionImpl         : On TransactionImpl creation, JpaCompliance#isJpaTransactionComplianceEnabled == false
2025-12-12 23:00:05.904 DEBUG 36772 --- [restartedMain] o.h.e.t.internal.TransactionImpl         : begin
2025-12-12 23:00:05.905 DEBUG 36772 --- [restartedMain] org.hibernate.SQL                        : 
    insert 
    into
        profesores
        (activo, apellidos, correo_electronico, email, nombres, password, tipo_usuario_id, id) 
    values
        (?, ?, ?, ?, ?, ?, ?, default)
2025-12-12 23:00:05.906 DEBUG 36772 --- [restartedMain] o.h.e.t.internal.TransactionImpl         : committing
2025-12-12 23:00:05.966 DEBUG 36772 --- [restartedMain] o.h.e.t.internal.TransactionImpl         : On TransactionImpl creation, JpaCompliance#isJpaTransactionComplianceEnabled == false
2025-12-12 23:00:05.967 DEBUG 36772 --- [restartedMain] o.h.e.t.internal.TransactionImpl         : begin
2025-12-12 23:00:05.968 DEBUG 36772 --- [restartedMain] org.hibernate.SQL                        : 
    insert 
    into
        profesores
        (activo, apellidos, correo_electronico, email, nombres, password, tipo_usuario_id, id) 
    values
        (?, ?, ?, ?, ?, ?, ?, default)
2025-12-12 23:00:05.969 DEBUG 36772 --- [restartedMain] o.h.e.t.internal.TransactionImpl         : committing
2025-12-12 23:00:06.034 DEBUG 36772 --- [restartedMain] o.h.e.t.internal.TransactionImpl         : On TransactionImpl creation, JpaCompliance#isJpaTransactionComplianceEnabled == false
2025-12-12 23:00:06.035 DEBUG 36772 --- [restartedMain] o.h.e.t.internal.TransactionImpl         : begin
2025-12-12 23:00:06.036 DEBUG 36772 --- [restartedMain] org.hibernate.SQL                        : 
    insert 
    into
        profesores
        (activo, apellidos, correo_electronico, email, nombres, password, tipo_usuario_id, id) 
    values
        (?, ?, ?, ?, ?, ?, ?, default)
2025-12-12 23:00:06.036 DEBUG 36772 --- [restartedMain] o.h.e.t.internal.TransactionImpl         : committing
2025-12-12 23:00:06.037 DEBUG 36772 --- [restartedMain] o.h.e.t.internal.TransactionImpl         : On TransactionImpl creation, JpaCompliance#isJpaTransactionComplianceEnabled == false
2025-12-12 23:00:06.037 DEBUG 36772 --- [restartedMain] o.h.e.t.internal.TransactionImpl         : begin
2025-12-12 23:00:06.038 DEBUG 36772 --- [restartedMain] org.hibernate.SQL                        : 
    insert 
    into
        jefe_empresa
        (apellidos, mail, nombre, id) 
    values
        (?, ?, ?, default)
2025-12-12 23:00:06.039 DEBUG 36772 --- [restartedMain] o.h.e.t.internal.TransactionImpl         : committing
2025-12-12 23:00:06.040 DEBUG 36772 --- [restartedMain] o.h.e.t.internal.TransactionImpl         : On TransactionImpl creation, JpaCompliance#isJpaTransactionComplianceEnabled == false
2025-12-12 23:00:06.040 DEBUG 36772 --- [restartedMain] o.h.e.t.internal.TransactionImpl         : begin
2025-12-12 23:00:06.040 DEBUG 36772 --- [restartedMain] org.hibernate.SQL                        : 
    insert 
    into
        jefe_empresa
        (apellidos, mail, nombre, id) 
    values
        (?, ?, ?, default)
2025-12-12 23:00:06.041 DEBUG 36772 --- [restartedMain] o.h.e.t.internal.TransactionImpl         : committing
2025-12-12 23:00:06.041 DEBUG 36772 --- [restartedMain] o.h.e.t.internal.TransactionImpl         : On TransactionImpl creation, JpaCompliance#isJpaTransactionComplianceEnabled == false
2025-12-12 23:00:06.041 DEBUG 36772 --- [restartedMain] o.h.e.t.internal.TransactionImpl         : begin
2025-12-12 23:00:06.042 DEBUG 36772 --- [restartedMain] org.hibernate.SQL                        : 
    insert 
    into
        jefe_empresa
        (apellidos, mail, nombre, id) 
    values
        (?, ?, ?, default)
2025-12-12 23:00:06.042 DEBUG 36772 --- [restartedMain] o.h.e.t.internal.TransactionImpl         : committing
2025-12-12 23:00:06.043 DEBUG 36772 --- [restartedMain] o.h.e.t.internal.TransactionImpl         : On TransactionImpl creation, JpaCompliance#isJpaTransactionComplianceEnabled == false
2025-12-12 23:00:06.043 DEBUG 36772 --- [restartedMain] o.h.e.t.internal.TransactionImpl         : begin
2025-12-12 23:00:06.044 DEBUG 36772 --- [restartedMain] org.hibernate.SQL                        : 
    insert 
    into
        empresas
        (direccion, email, jefe_id, nombre, telefono, id) 
    values
        (?, ?, ?, ?, ?, default)
2025-12-12 23:00:06.044 DEBUG 36772 --- [restartedMain] o.h.e.t.internal.TransactionImpl         : committing
2025-12-12 23:00:06.045 DEBUG 36772 --- [restartedMain] o.h.e.t.internal.TransactionImpl         : On TransactionImpl creation, JpaCompliance#isJpaTransactionComplianceEnabled == false
2025-12-12 23:00:06.045 DEBUG 36772 --- [restartedMain] o.h.e.t.internal.TransactionImpl         : begin
2025-12-12 23:00:06.046 DEBUG 36772 --- [restartedMain] org.hibernate.SQL                        : 
    insert 
    into
        empresas
        (direccion, email, jefe_id, nombre, telefono, id) 
    values
        (?, ?, ?, ?, ?, default)
2025-12-12 23:00:06.046 DEBUG 36772 --- [restartedMain] o.h.e.t.internal.TransactionImpl         : committing
2025-12-12 23:00:06.046 DEBUG 36772 --- [restartedMain] o.h.e.t.internal.TransactionImpl         : On TransactionImpl creation, JpaCompliance#isJpaTransactionComplianceEnabled == false
2025-12-12 23:00:06.046 DEBUG 36772 --- [restartedMain] o.h.e.t.internal.TransactionImpl         : begin
2025-12-12 23:00:06.047 DEBUG 36772 --- [restartedMain] org.hibernate.SQL                        : 
    insert 
    into
        empresas
        (direccion, email, jefe_id, nombre, telefono, id) 
    values
        (?, ?, ?, ?, ?, default)
2025-12-12 23:00:06.047 DEBUG 36772 --- [restartedMain] o.h.e.t.internal.TransactionImpl         : committing
2025-12-12 23:00:06.107 DEBUG 36772 --- [restartedMain] o.h.e.t.internal.TransactionImpl         : On TransactionImpl creation, JpaCompliance#isJpaTransactionComplianceEnabled == false
2025-12-12 23:00:06.107 DEBUG 36772 --- [restartedMain] o.h.e.t.internal.TransactionImpl         : begin
2025-12-12 23:00:06.108 DEBUG 36772 --- [restartedMain] org.hibernate.SQL                        : 
    insert 
    into
        estudiantes
        (activo, apellido, carrera_id, mail_estudiante, nombre, password, tipo_usuario_id, id) 
    values
        (?, ?, ?, ?, ?, ?, ?, default)
2025-12-12 23:00:06.109 DEBUG 36772 --- [restartedMain] o.h.e.t.internal.TransactionImpl         : committing
2025-12-12 23:00:06.167 DEBUG 36772 --- [restartedMain] o.h.e.t.internal.TransactionImpl         : On TransactionImpl creation, JpaCompliance#isJpaTransactionComplianceEnabled == false
2025-12-12 23:00:06.168 DEBUG 36772 --- [restartedMain] o.h.e.t.internal.TransactionImpl         : begin
2025-12-12 23:00:06.169 DEBUG 36772 --- [restartedMain] org.hibernate.SQL                        : 
    insert 
    into
        estudiantes
        (activo, apellido, carrera_id, mail_estudiante, nombre, password, tipo_usuario_id, id) 
    values
        (?, ?, ?, ?, ?, ?, ?, default)
2025-12-12 23:00:06.170 DEBUG 36772 --- [restartedMain] o.h.e.t.internal.TransactionImpl         : committing
2025-12-12 23:00:06.229 DEBUG 36772 --- [restartedMain] o.h.e.t.internal.TransactionImpl         : On TransactionImpl creation, JpaCompliance#isJpaTransactionComplianceEnabled == false
2025-12-12 23:00:06.229 DEBUG 36772 --- [restartedMain] o.h.e.t.internal.TransactionImpl         : begin
2025-12-12 23:00:06.229 DEBUG 36772 --- [restartedMain] org.hibernate.SQL                        : 
    insert 
    into
        estudiantes
        (activo, apellido, carrera_id, mail_estudiante, nombre, password, tipo_usuario_id, id) 
    values
        (?, ?, ?, ?, ?, ?, ?, default)
2025-12-12 23:00:06.230 DEBUG 36772 --- [restartedMain] o.h.e.t.internal.TransactionImpl         : committing
2025-12-12 23:00:06.288 DEBUG 36772 --- [restartedMain] o.h.e.t.internal.TransactionImpl         : On TransactionImpl creation, JpaCompliance#isJpaTransactionComplianceEnabled == false
2025-12-12 23:00:06.288 DEBUG 36772 --- [restartedMain] o.h.e.t.internal.TransactionImpl         : begin
2025-12-12 23:00:06.289 DEBUG 36772 --- [restartedMain] org.hibernate.SQL                        : 
    insert 
    into
        estudiantes
        (activo, apellido, carrera_id, mail_estudiante, nombre, password, tipo_usuario_id, id) 
    values
        (?, ?, ?, ?, ?, ?, ?, default)
2025-12-12 23:00:06.289 DEBUG 36772 --- [restartedMain] o.h.e.t.internal.TransactionImpl         : committing
2025-12-12 23:00:06.290 DEBUG 36772 --- [restartedMain] o.h.e.t.internal.TransactionImpl         : On TransactionImpl creation, JpaCompliance#isJpaTransactionComplianceEnabled == false
2025-12-12 23:00:06.290 DEBUG 36772 --- [restartedMain] o.h.e.t.internal.TransactionImpl         : begin
2025-12-12 23:00:06.291 DEBUG 36772 --- [restartedMain] org.hibernate.SQL                        : 
    insert 
    into
        practicas_profesionales
        (actividades, empresa_id, estudiante_id, fecha_fin, fecha_inicio, profesor_id, id) 
    values
        (?, ?, ?, ?, ?, ?, default)
2025-12-12 23:00:06.292 DEBUG 36772 --- [restartedMain] o.h.e.t.internal.TransactionImpl         : committing
2025-12-12 23:00:06.292 DEBUG 36772 --- [restartedMain] o.h.e.t.internal.TransactionImpl         : On TransactionImpl creation, JpaCompliance#isJpaTransactionComplianceEnabled == false
2025-12-12 23:00:06.292 DEBUG 36772 --- [restartedMain] o.h.e.t.internal.TransactionImpl         : begin
2025-12-12 23:00:06.293 DEBUG 36772 --- [restartedMain] org.hibernate.SQL                        : 
    insert 
    into
        practicas_profesionales
        (actividades, empresa_id, estudiante_id, fecha_fin, fecha_inicio, profesor_id, id) 
    values
        (?, ?, ?, ?, ?, ?, default)
2025-12-12 23:00:06.293 DEBUG 36772 --- [restartedMain] o.h.e.t.internal.TransactionImpl         : committing
2025-12-12 23:00:06.294 DEBUG 36772 --- [restartedMain] o.h.e.t.internal.TransactionImpl         : On TransactionImpl creation, JpaCompliance#isJpaTransactionComplianceEnabled == false
2025-12-12 23:00:06.294 DEBUG 36772 --- [restartedMain] o.h.e.t.internal.TransactionImpl         : begin
2025-12-12 23:00:06.295 DEBUG 36772 --- [restartedMain] org.hibernate.SQL                        : 
    insert 
    into
        practicas_profesionales
        (actividades, empresa_id, estudiante_id, fecha_fin, fecha_inicio, profesor_id, id) 
    values
        (?, ?, ?, ?, ?, ?, default)
2025-12-12 23:00:06.295 DEBUG 36772 --- [restartedMain] o.h.e.t.internal.TransactionImpl         : committing
2025-12-12 23:00:06.296  INFO 36772 --- [restartedMain] .ConditionEvaluationDeltaLoggingListener : Condition evaluation unchanged
2025-12-12 23:00:13.389  INFO 36772 --- [File Watcher] rtingClassPathChangeChangedEventListener : Restarting due to 1 class path change (0 additions, 0 deletions, 1 modification)
2025-12-12 23:00:13.390  INFO 36772 --- [Thread-7] o.s.b.w.e.tomcat.GracefulShutdown        : Commencing graceful shutdown. Waiting for active requests to complete
2025-12-12 23:00:13.391  INFO 36772 --- [tomcat-shutdown] o.a.coyote.http11.Http11NioProtocol      : Pausing ProtocolHandler ["http-nio-8080"]
2025-12-12 23:00:13.397  INFO 36772 --- [tomcat-shutdown] o.s.b.w.e.tomcat.GracefulShutdown        : Graceful shutdown complete
2025-12-12 23:00:13.398  INFO 36772 --- [Thread-7] o.a.coyote.http11.Http11NioProtocol      : Stopping ProtocolHandler ["http-nio-8080"]
2025-12-12 23:00:13.399  INFO 36772 --- [Thread-7] j.LocalContainerEntityManagerFactoryBean : Closing JPA EntityManagerFactory for persistence unit 'default'
2025-12-12 23:00:13.400 DEBUG 36772 --- [Thread-7] org.hibernate.SQL                        : 
    drop table if exists carrera cascade 
2025-12-12 23:00:13.400 DEBUG 36772 --- [Thread-7] org.hibernate.SQL                        : 
    drop table if exists empresas cascade 
2025-12-12 23:00:13.401 DEBUG 36772 --- [Thread-7] org.hibernate.SQL                        : 
    drop table if exists estudiantes cascade 
2025-12-12 23:00:13.401 DEBUG 36772 --- [Thread-7] org.hibernate.SQL                        : 
    drop table if exists jefe_empresa cascade 
2025-12-12 23:00:13.402 DEBUG 36772 --- [Thread-7] org.hibernate.SQL                        : 
    drop table if exists practicas_profesionales cascade 
2025-12-12 23:00:13.402 DEBUG 36772 --- [Thread-7] org.hibernate.SQL                        : 
    drop table if exists profesores cascade 
2025-12-12 23:00:13.402 DEBUG 36772 --- [Thread-7] org.hibernate.SQL                        : 
    drop table if exists tipo_usuario cascade 
2025-12-12 23:00:13.403  WARN 36772 --- [Thread-7] o.s.b.f.support.DisposableBeanAdapter    : Invocation of destroy method failed on bean with name 'inMemoryDatabaseShutdownExecutor': org.h2.jdbc.JdbcSQLNonTransientConnectionException: La base de datos ya esta cerrada (para des-habilitar el cerrado automatico durante el shutdown de la VM, agregue ";DB_CLOSE_ON_EXIT=FALSE" a la URL de conexión)
Database is already closed (to disable automatic closing at VM shutdown, add ";DB_CLOSE_ON_EXIT=FALSE" to the db URL) [90121-232]
2025-12-12 23:00:13.403  INFO 36772 --- [Thread-7] com.zaxxer.hikari.HikariDataSource       : HikariPool-2 - Shutdown initiated...
2025-12-12 23:00:13.404  INFO 36772 --- [Thread-7] com.zaxxer.hikari.HikariDataSource       : HikariPool-2 - Shutdown completed.
2025-12-12 23:00:13.500  INFO 36772 --- [restartedMain] c.w.prueba3.prueba3.Prueba3Application   : Starting Prueba3Application using Java 21.0.9 with PID 36772 (C:\Users\histo\OneDrive\Escritorio\WEB2-PRUEBA3\target\classes started by histo in C:\Users\histo\OneDrive\Escritorio\WEB2-PRUEBA3)
2025-12-12 23:00:13.500 DEBUG 36772 --- [restartedMain] c.w.prueba3.prueba3.Prueba3Application   : Running with Spring Boot v3.5.8, Spring v6.2.14
2025-12-12 23:00:13.500  INFO 36772 --- [restartedMain] c.w.prueba3.prueba3.Prueba3Application   : The following 1 profile is active: "dev"
2025-12-12 23:00:13.776  INFO 36772 --- [restartedMain] .s.d.r.c.RepositoryConfigurationDelegate : Bootstrapping Spring Data JPA repositories in DEFAULT mode.
2025-12-12 23:00:13.795  INFO 36772 --- [restartedMain] .s.d.r.c.RepositoryConfigurationDelegate : Finished Spring Data repository scanning in 17 ms. Found 7 JPA repository interfaces.
2025-12-12 23:00:13.850  INFO 36772 --- [restartedMain] o.s.b.w.embedded.tomcat.TomcatWebServer  : Tomcat initialized with port 8080 (http)
2025-12-12 23:00:13.851  INFO 36772 --- [restartedMain] o.a.coyote.http11.Http11NioProtocol      : Initializing ProtocolHandler ["http-nio-8080"]
2025-12-12 23:00:13.851  INFO 36772 --- [restartedMain] o.apache.catalina.core.StandardService   : Starting service [Tomcat]
2025-12-12 23:00:13.851  INFO 36772 --- [restartedMain] o.apache.catalina.core.StandardEngine    : Starting Servlet engine: [Apache Tomcat/10.1.49]
2025-12-12 23:00:13.873  INFO 36772 --- [restartedMain] o.a.c.c.C.[Tomcat].[localhost].[/]       : Initializing Spring embedded WebApplicationContext
2025-12-12 23:00:13.873  INFO 36772 --- [restartedMain] w.s.c.ServletWebServerApplicationContext : Root WebApplicationContext: initialization completed in 371 ms
2025-12-12 23:00:13.902  INFO 36772 --- [restartedMain] o.hibernate.jpa.internal.util.LogHelper  : HHH000204: Processing PersistenceUnitInfo [name: default]
2025-12-12 23:00:13.904  INFO 36772 --- [restartedMain] o.h.c.internal.RegionFactoryInitiator    : HHH000026: Second-level cache disabled
2025-12-12 23:00:13.912  INFO 36772 --- [restartedMain] o.s.o.j.p.SpringPersistenceUnitInfo      : No LoadTimeWeaver setup: ignoring JPA class transformer
2025-12-12 23:00:13.913  INFO 36772 --- [restartedMain] com.zaxxer.hikari.HikariDataSource       : HikariPool-3 - Starting...
2025-12-12 23:00:13.914  INFO 36772 --- [restartedMain] com.zaxxer.hikari.pool.HikariPool        : HikariPool-3 - Added connection conn20: url=jdbc:h2:mem:prueba3 user=SA
2025-12-12 23:00:13.915  INFO 36772 --- [restartedMain] com.zaxxer.hikari.HikariDataSource       : HikariPool-3 - Start completed.
2025-12-12 23:00:13.915  INFO 36772 --- [restartedMain] org.hibernate.orm.connections.pooling    : HHH10001005: Database info:
	Database JDBC URL [Connecting through datasource 'HikariDataSource (HikariPool-3)']
	Database driver: undefined/unknown
	Database version: 2.3.232
	Autocommit mode: undefined/unknown
	Isolation level: undefined/unknown
	Minimum pool size: undefined/unknown
	Maximum pool size: undefined/unknown
2025-12-12 23:00:14.002  INFO 36772 --- [restartedMain] o.h.e.t.j.p.i.JtaPlatformInitiator       : HHH000489: No JTA platform available (set 'hibernate.transaction.jta.platform' to enable JTA platform integration)
2025-12-12 23:00:14.002 DEBUG 36772 --- [restartedMain] org.hibernate.SQL                        : 
    drop table if exists carrera cascade 
2025-12-12 23:00:14.003 DEBUG 36772 --- [restartedMain] org.hibernate.SQL                        : 
    drop table if exists empresas cascade 
2025-12-12 23:00:14.003 DEBUG 36772 --- [restartedMain] org.hibernate.SQL                        : 
    drop table if exists estudiantes cascade 
2025-12-12 23:00:14.003 DEBUG 36772 --- [restartedMain] org.hibernate.SQL                        : 
    drop table if exists jefe_empresa cascade 
2025-12-12 23:00:14.004 DEBUG 36772 --- [restartedMain] org.hibernate.SQL                        : 
    drop table if exists practicas_profesionales cascade 
2025-12-12 23:00:14.004 DEBUG 36772 --- [restartedMain] org.hibernate.SQL                        : 
    drop table if exists profesores cascade 
2025-12-12 23:00:14.004 DEBUG 36772 --- [restartedMain] org.hibernate.SQL                        : 
    drop table if exists tipo_usuario cascade 
2025-12-12 23:00:14.004 DEBUG 36772 --- [restartedMain] org.hibernate.SQL                        : 
    create table carrera (
        id bigint generated by default as identity,
        nombre_carrera varchar(150) not null,
        primary key (id)
    )
2025-12-12 23:00:14.005 DEBUG 36772 --- [restartedMain] org.hibernate.SQL                        : 
    create table empresas (
        id bigint generated by default as identity,
        jefe_id bigint not null,
        telefono varchar(20),
        email varchar(150) unique,
        nombre varchar(150) not null,
        direccion varchar(200),
        primary key (id)
    )
2025-12-12 23:00:14.006 DEBUG 36772 --- [restartedMain] org.hibernate.SQL                        : 
    create table estudiantes (
        activo boolean not null,
        carrera_id bigint not null,
        id bigint generated by default as identity,
        tipo_usuario_id bigint not null,
        apellido varchar(100) not null,
        nombre varchar(100) not null,
        mail_estudiante varchar(150) not null unique,
        password varchar(255) not null,
        primary key (id)
    )
2025-12-12 23:00:14.007 DEBUG 36772 --- [restartedMain] org.hibernate.SQL                        : 
    create table jefe_empresa (
        id bigint generated by default as identity,
        apellidos varchar(100) not null,
        nombre varchar(100) not null,
        mail varchar(150) not null unique,
        primary key (id)
    )
2025-12-12 23:00:14.008 DEBUG 36772 --- [restartedMain] org.hibernate.SQL                        : 
    create table practicas_profesionales (
        fecha_fin date not null,
        fecha_inicio date not null,
        empresa_id bigint not null,
        estudiante_id bigint not null,
        id bigint generated by default as identity,
        profesor_id bigint not null,
        actividades TEXT,
        primary key (id)
    )
2025-12-12 23:00:14.008 DEBUG 36772 --- [restartedMain] org.hibernate.SQL                        : 
    create table profesores (
        activo boolean not null,
        id bigint generated by default as identity,
        tipo_usuario_id bigint not null,
        apellidos varchar(100) not null,
        nombres varchar(100) not null,
        correo_electronico varchar(150) not null unique,
        email varchar(150) not null unique,
        password varchar(255) not null,
        primary key (id)
    )
2025-12-12 23:00:14.009 DEBUG 36772 --- [restartedMain] org.hibernate.SQL                        : 
    create table tipo_usuario (
        id bigint generated by default as identity,
        tipo varchar(50) not null unique,
        primary key (id)
    )
2025-12-12 23:00:14.011 DEBUG 36772 --- [restartedMain] org.hibernate.SQL                        : 
    alter table if exists empresas 
       add constraint FKn5cqp3wmbq1ij9tydx9g8lcac 
       foreign key (jefe_id) 
       references jefe_empresa
2025-12-12 23:00:14.012 DEBUG 36772 --- [restartedMain] org.hibernate.SQL                        : 
    alter table if exists estudiantes 
       add constraint FK5w6b3jh3e6ci3dh8s8hycq177 
       foreign key (carrera_id) 
       references carrera
2025-12-12 23:00:14.013 DEBUG 36772 --- [restartedMain] org.hibernate.SQL                        : 
    alter table if exists estudiantes 
       add constraint FKjmquhjh80fld52mwpucj14gl8 
       foreign key (tipo_usuario_id) 
       references tipo_usuario
2025-12-12 23:00:14.014 DEBUG 36772 --- [restartedMain] org.hibernate.SQL                        : 
    alter table if exists practicas_profesionales 
       add constraint FK1n30g8df5vrxrv2bc4yib5rob 
       foreign key (empresa_id) 
       references empresas
2025-12-12 23:00:14.015 DEBUG 36772 --- [restartedMain] org.hibernate.SQL                        : 
    alter table if exists practicas_profesionales 
       add constraint FKboivm8ljxuqg164bgf2pxy8dx 
       foreign key (estudiante_id) 
       references estudiantes
2025-12-12 23:00:14.016 DEBUG 36772 --- [restartedMain] org.hibernate.SQL                        : 
    alter table if exists practicas_profesionales 
       add constraint FK1qryy7v5gnccdfp0nw8wt2fnn 
       foreign key (profesor_id) 
       references profesores
2025-12-12 23:00:14.016 DEBUG 36772 --- [restartedMain] org.hibernate.SQL                        : 
    alter table if exists profesores 
       add constraint FKo0i5bw8ski6xmqi2flnjmllx2 
       foreign key (tipo_usuario_id) 
       references tipo_usuario
2025-12-12 23:00:14.018  INFO 36772 --- [restartedMain] j.LocalContainerEntityManagerFactoryBean : Initialized JPA EntityManagerFactory for persistence unit 'default'
2025-12-12 23:00:14.131  INFO 36772 --- [restartedMain] o.s.b.a.w.s.WelcomePageHandlerMapping    : Adding welcome page template: index
2025-12-12 23:00:14.179  INFO 36772 --- [restartedMain] o.s.b.a.e.web.EndpointLinksResolver      : Exposing 1 endpoint beneath base path '/actuator'
2025-12-12 23:00:14.241  INFO 36772 --- [restartedMain] o.s.b.a.h2.H2ConsoleAutoConfiguration    : H2 console available at '/h2-console'. Database available at 'jdbc:h2:mem:prueba3'
2025-12-12 23:00:14.251  INFO 36772 --- [restartedMain] o.s.b.d.a.OptionalLiveReloadServer       : LiveReload server is running on port 35729
2025-12-12 23:00:14.262  INFO 36772 --- [restartedMain] o.a.coyote.http11.Http11NioProtocol      : Starting ProtocolHandler ["http-nio-8080"]
2025-12-12 23:00:14.265  INFO 36772 --- [restartedMain] o.s.b.w.embedded.tomcat.TomcatWebServer  : Tomcat started on port 8080 (http) with context path '/'
2025-12-12 23:00:14.269  INFO 36772 --- [restartedMain] c.w.prueba3.prueba3.Prueba3Application   : Started Prueba3Application in 0.807 seconds (process running for 364.055)
2025-12-12 23:00:14.270 DEBUG 36772 --- [restartedMain] o.h.e.t.internal.TransactionImpl         : On TransactionImpl creation, JpaCompliance#isJpaTransactionComplianceEnabled == false
2025-12-12 23:00:14.270 DEBUG 36772 --- [restartedMain] o.h.e.t.internal.TransactionImpl         : begin
2025-12-12 23:00:14.272 DEBUG 36772 --- [restartedMain] org.hibernate.SQL                        : 
    insert 
    into
        tipo_usuario
        (tipo, id) 
    values
        (?, default)
2025-12-12 23:00:14.274 DEBUG 36772 --- [restartedMain] o.h.e.t.internal.TransactionImpl         : committing
2025-12-12 23:00:14.275 DEBUG 36772 --- [restartedMain] o.h.e.t.internal.TransactionImpl         : On TransactionImpl creation, JpaCompliance#isJpaTransactionComplianceEnabled == false
2025-12-12 23:00:14.276 DEBUG 36772 --- [restartedMain] o.h.e.t.internal.TransactionImpl         : begin
2025-12-12 23:00:14.276 DEBUG 36772 --- [restartedMain] org.hibernate.SQL                        : 
    insert 
    into
        tipo_usuario
        (tipo, id) 
    values
        (?, default)
2025-12-12 23:00:14.277 DEBUG 36772 --- [restartedMain] o.h.e.t.internal.TransactionImpl         : committing
2025-12-12 23:00:14.278 DEBUG 36772 --- [restartedMain] o.h.e.t.internal.TransactionImpl         : On TransactionImpl creation, JpaCompliance#isJpaTransactionComplianceEnabled == false
2025-12-12 23:00:14.278 DEBUG 36772 --- [restartedMain] o.h.e.t.internal.TransactionImpl         : begin
2025-12-12 23:00:14.279 DEBUG 36772 --- [restartedMain] org.hibernate.SQL                        : 
    insert 
    into
        carrera
        (nombre_carrera, id) 
    values
        (?, default)
2025-12-12 23:00:14.279 DEBUG 36772 --- [restartedMain] o.h.e.t.internal.TransactionImpl         : committing
2025-12-12 23:00:14.280 DEBUG 36772 --- [restartedMain] o.h.e.t.internal.TransactionImpl         : On TransactionImpl creation, JpaCompliance#isJpaTransactionComplianceEnabled == false
2025-12-12 23:00:14.280 DEBUG 36772 --- [restartedMain] o.h.e.t.internal.TransactionImpl         : begin
2025-12-12 23:00:14.281 DEBUG 36772 --- [restartedMain] org.hibernate.SQL                        : 
    insert 
    into
        carrera
        (nombre_carrera, id) 
    values
        (?, default)
2025-12-12 23:00:14.281 DEBUG 36772 --- [restartedMain] o.h.e.t.internal.TransactionImpl         : committing
2025-12-12 23:00:14.282 DEBUG 36772 --- [restartedMain] o.h.e.t.internal.TransactionImpl         : On TransactionImpl creation, JpaCompliance#isJpaTransactionComplianceEnabled == false
2025-12-12 23:00:14.282 DEBUG 36772 --- [restartedMain] o.h.e.t.internal.TransactionImpl         : begin
2025-12-12 23:00:14.283 DEBUG 36772 --- [restartedMain] org.hibernate.SQL                        : 
    insert 
    into
        carrera
        (nombre_carrera, id) 
    values
        (?, default)
2025-12-12 23:00:14.283 DEBUG 36772 --- [restartedMain] o.h.e.t.internal.TransactionImpl         : committing
2025-12-12 23:00:14.344 DEBUG 36772 --- [restartedMain] o.h.e.t.internal.TransactionImpl         : On TransactionImpl creation, JpaCompliance#isJpaTransactionComplianceEnabled == false
2025-12-12 23:00:14.344 DEBUG 36772 --- [restartedMain] o.h.e.t.internal.TransactionImpl         : begin
2025-12-12 23:00:14.345 DEBUG 36772 --- [restartedMain] org.hibernate.SQL                        : 
    insert 
    into
        profesores
        (activo, apellidos, correo_electronico, email, nombres, password, tipo_usuario_id, id) 
    values
        (?, ?, ?, ?, ?, ?, ?, default)
2025-12-12 23:00:14.346 DEBUG 36772 --- [restartedMain] o.h.e.t.internal.TransactionImpl         : committing
2025-12-12 23:00:14.407 DEBUG 36772 --- [restartedMain] o.h.e.t.internal.TransactionImpl         : On TransactionImpl creation, JpaCompliance#isJpaTransactionComplianceEnabled == false
2025-12-12 23:00:14.408 DEBUG 36772 --- [restartedMain] o.h.e.t.internal.TransactionImpl         : begin
2025-12-12 23:00:14.408 DEBUG 36772 --- [restartedMain] org.hibernate.SQL                        : 
    insert 
    into
        profesores
        (activo, apellidos, correo_electronico, email, nombres, password, tipo_usuario_id, id) 
    values
        (?, ?, ?, ?, ?, ?, ?, default)
2025-12-12 23:00:14.409 DEBUG 36772 --- [restartedMain] o.h.e.t.internal.TransactionImpl         : committing
2025-12-12 23:00:14.467 DEBUG 36772 --- [restartedMain] o.h.e.t.internal.TransactionImpl         : On TransactionImpl creation, JpaCompliance#isJpaTransactionComplianceEnabled == false
2025-12-12 23:00:14.467 DEBUG 36772 --- [restartedMain] o.h.e.t.internal.TransactionImpl         : begin
2025-12-12 23:00:14.468 DEBUG 36772 --- [restartedMain] org.hibernate.SQL                        : 
    insert 
    into
        profesores
        (activo, apellidos, correo_electronico, email, nombres, password, tipo_usuario_id, id) 
    values
        (?, ?, ?, ?, ?, ?, ?, default)
2025-12-12 23:00:14.468 DEBUG 36772 --- [restartedMain] o.h.e.t.internal.TransactionImpl         : committing
2025-12-12 23:00:14.469 DEBUG 36772 --- [restartedMain] o.h.e.t.internal.TransactionImpl         : On TransactionImpl creation, JpaCompliance#isJpaTransactionComplianceEnabled == false
2025-12-12 23:00:14.469 DEBUG 36772 --- [restartedMain] o.h.e.t.internal.TransactionImpl         : begin
2025-12-12 23:00:14.470 DEBUG 36772 --- [restartedMain] org.hibernate.SQL                        : 
    insert 
    into
        jefe_empresa
        (apellidos, mail, nombre, id) 
    values
        (?, ?, ?, default)
2025-12-12 23:00:14.470 DEBUG 36772 --- [restartedMain] o.h.e.t.internal.TransactionImpl         : committing
2025-12-12 23:00:14.471 DEBUG 36772 --- [restartedMain] o.h.e.t.internal.TransactionImpl         : On TransactionImpl creation, JpaCompliance#isJpaTransactionComplianceEnabled == false
2025-12-12 23:00:14.471 DEBUG 36772 --- [restartedMain] o.h.e.t.internal.TransactionImpl         : begin
2025-12-12 23:00:14.471 DEBUG 36772 --- [restartedMain] org.hibernate.SQL                        : 
    insert 
    into
        jefe_empresa
        (apellidos, mail, nombre, id) 
    values
        (?, ?, ?, default)
2025-12-12 23:00:14.472 DEBUG 36772 --- [restartedMain] o.h.e.t.internal.TransactionImpl         : committing
2025-12-12 23:00:14.472 DEBUG 36772 --- [restartedMain] o.h.e.t.internal.TransactionImpl         : On TransactionImpl creation, JpaCompliance#isJpaTransactionComplianceEnabled == false
2025-12-12 23:00:14.472 DEBUG 36772 --- [restartedMain] o.h.e.t.internal.TransactionImpl         : begin
2025-12-12 23:00:14.473 DEBUG 36772 --- [restartedMain] org.hibernate.SQL                        : 
    insert 
    into
        jefe_empresa
        (apellidos, mail, nombre, id) 
    values
        (?, ?, ?, default)
2025-12-12 23:00:14.473 DEBUG 36772 --- [restartedMain] o.h.e.t.internal.TransactionImpl         : committing
2025-12-12 23:00:14.473 DEBUG 36772 --- [restartedMain] o.h.e.t.internal.TransactionImpl         : On TransactionImpl creation, JpaCompliance#isJpaTransactionComplianceEnabled == false
2025-12-12 23:00:14.474 DEBUG 36772 --- [restartedMain] o.h.e.t.internal.TransactionImpl         : begin
2025-12-12 23:00:14.474 DEBUG 36772 --- [restartedMain] org.hibernate.SQL                        : 
    insert 
    into
        empresas
        (direccion, email, jefe_id, nombre, telefono, id) 
    values
        (?, ?, ?, ?, ?, default)
2025-12-12 23:00:14.475 DEBUG 36772 --- [restartedMain] o.h.e.t.internal.TransactionImpl         : committing
2025-12-12 23:00:14.475 DEBUG 36772 --- [restartedMain] o.h.e.t.internal.TransactionImpl         : On TransactionImpl creation, JpaCompliance#isJpaTransactionComplianceEnabled == false
2025-12-12 23:00:14.475 DEBUG 36772 --- [restartedMain] o.h.e.t.internal.TransactionImpl         : begin
2025-12-12 23:00:14.476 DEBUG 36772 --- [restartedMain] org.hibernate.SQL                        : 
    insert 
    into
        empresas
        (direccion, email, jefe_id, nombre, telefono, id) 
    values
        (?, ?, ?, ?, ?, default)
2025-12-12 23:00:14.476 DEBUG 36772 --- [restartedMain] o.h.e.t.internal.TransactionImpl         : committing
2025-12-12 23:00:14.477 DEBUG 36772 --- [restartedMain] o.h.e.t.internal.TransactionImpl         : On TransactionImpl creation, JpaCompliance#isJpaTransactionComplianceEnabled == false
2025-12-12 23:00:14.477 DEBUG 36772 --- [restartedMain] o.h.e.t.internal.TransactionImpl         : begin
2025-12-12 23:00:14.477 DEBUG 36772 --- [restartedMain] org.hibernate.SQL                        : 
    insert 
    into
        empresas
        (direccion, email, jefe_id, nombre, telefono, id) 
    values
        (?, ?, ?, ?, ?, default)
2025-12-12 23:00:14.478 DEBUG 36772 --- [restartedMain] o.h.e.t.internal.TransactionImpl         : committing
2025-12-12 23:00:14.536 DEBUG 36772 --- [restartedMain] o.h.e.t.internal.TransactionImpl         : On TransactionImpl creation, JpaCompliance#isJpaTransactionComplianceEnabled == false
2025-12-12 23:00:14.536 DEBUG 36772 --- [restartedMain] o.h.e.t.internal.TransactionImpl         : begin
2025-12-12 23:00:14.537 DEBUG 36772 --- [restartedMain] org.hibernate.SQL                        : 
    insert 
    into
        estudiantes
        (activo, apellido, carrera_id, mail_estudiante, nombre, password, tipo_usuario_id, id) 
    values
        (?, ?, ?, ?, ?, ?, ?, default)
2025-12-12 23:00:14.538 DEBUG 36772 --- [restartedMain] o.h.e.t.internal.TransactionImpl         : committing
2025-12-12 23:00:14.597 DEBUG 36772 --- [restartedMain] o.h.e.t.internal.TransactionImpl         : On TransactionImpl creation, JpaCompliance#isJpaTransactionComplianceEnabled == false
2025-12-12 23:00:14.597 DEBUG 36772 --- [restartedMain] o.h.e.t.internal.TransactionImpl         : begin
2025-12-12 23:00:14.598 DEBUG 36772 --- [restartedMain] org.hibernate.SQL                        : 
    insert 
    into
        estudiantes
        (activo, apellido, carrera_id, mail_estudiante, nombre, password, tipo_usuario_id, id) 
    values
        (?, ?, ?, ?, ?, ?, ?, default)
2025-12-12 23:00:14.598 DEBUG 36772 --- [restartedMain] o.h.e.t.internal.TransactionImpl         : committing
2025-12-12 23:00:14.657 DEBUG 36772 --- [restartedMain] o.h.e.t.internal.TransactionImpl         : On TransactionImpl creation, JpaCompliance#isJpaTransactionComplianceEnabled == false
2025-12-12 23:00:14.658 DEBUG 36772 --- [restartedMain] o.h.e.t.internal.TransactionImpl         : begin
2025-12-12 23:00:14.658 DEBUG 36772 --- [restartedMain] org.hibernate.SQL                        : 
    insert 
    into
        estudiantes
        (activo, apellido, carrera_id, mail_estudiante, nombre, password, tipo_usuario_id, id) 
    values
        (?, ?, ?, ?, ?, ?, ?, default)
2025-12-12 23:00:14.659 DEBUG 36772 --- [restartedMain] o.h.e.t.internal.TransactionImpl         : committing
2025-12-12 23:00:14.722 DEBUG 36772 --- [restartedMain] o.h.e.t.internal.TransactionImpl         : On TransactionImpl creation, JpaCompliance#isJpaTransactionComplianceEnabled == false
2025-12-12 23:00:14.722 DEBUG 36772 --- [restartedMain] o.h.e.t.internal.TransactionImpl         : begin
2025-12-12 23:00:14.723 DEBUG 36772 --- [restartedMain] org.hibernate.SQL                        : 
    insert 
    into
        estudiantes
        (activo, apellido, carrera_id, mail_estudiante, nombre, password, tipo_usuario_id, id) 
    values
        (?, ?, ?, ?, ?, ?, ?, default)
2025-12-12 23:00:14.724 DEBUG 36772 --- [restartedMain] o.h.e.t.internal.TransactionImpl         : committing
2025-12-12 23:00:14.724 DEBUG 36772 --- [restartedMain] o.h.e.t.internal.TransactionImpl         : On TransactionImpl creation, JpaCompliance#isJpaTransactionComplianceEnabled == false
2025-12-12 23:00:14.725 DEBUG 36772 --- [restartedMain] o.h.e.t.internal.TransactionImpl         : begin
2025-12-12 23:00:14.726 DEBUG 36772 --- [restartedMain] org.hibernate.SQL                        : 
    insert 
    into
        practicas_profesionales
        (actividades, empresa_id, estudiante_id, fecha_fin, fecha_inicio, profesor_id, id) 
    values
        (?, ?, ?, ?, ?, ?, default)
2025-12-12 23:00:14.727 DEBUG 36772 --- [restartedMain] o.h.e.t.internal.TransactionImpl         : committing
2025-12-12 23:00:14.727 DEBUG 36772 --- [restartedMain] o.h.e.t.internal.TransactionImpl         : On TransactionImpl creation, JpaCompliance#isJpaTransactionComplianceEnabled == false
2025-12-12 23:00:14.727 DEBUG 36772 --- [restartedMain] o.h.e.t.internal.TransactionImpl         : begin
2025-12-12 23:00:14.728 DEBUG 36772 --- [restartedMain] org.hibernate.SQL                        : 
    insert 
    into
        practicas_profesionales
        (actividades, empresa_id, estudiante_id, fecha_fin, fecha_inicio, profesor_id, id) 
    values
        (?, ?, ?, ?, ?, ?, default)
2025-12-12 23:00:14.728 DEBUG 36772 --- [restartedMain] o.h.e.t.internal.TransactionImpl         : committing
2025-12-12 23:00:14.728 DEBUG 36772 --- [restartedMain] o.h.e.t.internal.TransactionImpl         : On TransactionImpl creation, JpaCompliance#isJpaTransactionComplianceEnabled == false
2025-12-12 23:00:14.729 DEBUG 36772 --- [restartedMain] o.h.e.t.internal.TransactionImpl         : begin
2025-12-12 23:00:14.729 DEBUG 36772 --- [restartedMain] org.hibernate.SQL                        : 
    insert 
    into
        practicas_profesionales
        (actividades, empresa_id, estudiante_id, fecha_fin, fecha_inicio, profesor_id, id) 
    values
        (?, ?, ?, ?, ?, ?, default)
2025-12-12 23:00:14.729 DEBUG 36772 --- [restartedMain] o.h.e.t.internal.TransactionImpl         : committing
2025-12-12 23:00:14.731  INFO 36772 --- [restartedMain] .ConditionEvaluationDeltaLoggingListener : Condition evaluation unchanged
2025-12-12 23:00:27.319  INFO 19436 --- [background-preinit] o.h.validator.internal.util.Version      : HV000001: Hibernate Validator 8.0.1.Final
2025-12-12 23:00:27.362  INFO 19436 --- [restartedMain] c.w.prueba3.prueba3.Prueba3Application   : Starting Prueba3Application using Java 21.0.9 with PID 19436 (C:\Users\histo\OneDrive\Escritorio\WEB2-PRUEBA3\target\classes started by histo in C:\Users\histo\OneDrive\Escritorio\WEB2-PRUEBA3)
2025-12-12 23:00:27.363 DEBUG 19436 --- [restartedMain] c.w.prueba3.prueba3.Prueba3Application   : Running with Spring Boot v3.5.8, Spring v6.2.14
2025-12-12 23:00:27.364  INFO 19436 --- [restartedMain] c.w.prueba3.prueba3.Prueba3Application   : The following 1 profile is active: "dev"
2025-12-12 23:00:27.685  INFO 19436 --- [restartedMain] .e.DevToolsPropertyDefaultsPostProcessor : Devtools property defaults active! Set 'spring.devtools.add-properties' to 'false' to disable
2025-12-12 23:00:27.685  INFO 19436 --- [restartedMain] .e.DevToolsPropertyDefaultsPostProcessor : For additional web related logging consider setting the 'logging.level.web' property to 'DEBUG'
2025-12-12 23:00:28.992  INFO 19436 --- [restartedMain] .s.d.r.c.RepositoryConfigurationDelegate : Bootstrapping Spring Data JPA repositories in DEFAULT mode.
2025-12-12 23:00:29.052  INFO 19436 --- [restartedMain] .s.d.r.c.RepositoryConfigurationDelegate : Finished Spring Data repository scanning in 51 ms. Found 7 JPA repository interfaces.
2025-12-12 23:00:29.825  INFO 19436 --- [restartedMain] o.s.b.w.embedded.tomcat.TomcatWebServer  : Tomcat initialized with port 8080 (http)
2025-12-12 23:00:29.845  INFO 19436 --- [restartedMain] o.a.coyote.http11.Http11NioProtocol      : Initializing ProtocolHandler ["http-nio-8080"]
2025-12-12 23:00:29.847  INFO 19436 --- [restartedMain] o.apache.catalina.core.StandardService   : Starting service [Tomcat]
2025-12-12 23:00:29.848  INFO 19436 --- [restartedMain] o.apache.catalina.core.StandardEngine    : Starting Servlet engine: [Apache Tomcat/10.1.49]
2025-12-12 23:00:29.950  INFO 19436 --- [restartedMain] o.a.c.c.C.[Tomcat].[localhost].[/]       : Initializing Spring embedded WebApplicationContext
2025-12-12 23:00:29.950  INFO 19436 --- [restartedMain] w.s.c.ServletWebServerApplicationContext : Root WebApplicationContext: initialization completed in 2263 ms
2025-12-12 23:00:30.450  INFO 19436 --- [restartedMain] o.hibernate.jpa.internal.util.LogHelper  : HHH000204: Processing PersistenceUnitInfo [name: default]
2025-12-12 23:00:30.506  INFO 19436 --- [restartedMain] org.hibernate.Version                    : HHH000412: Hibernate ORM core version 6.6.36.Final
2025-12-12 23:00:30.532  INFO 19436 --- [restartedMain] o.h.c.internal.RegionFactoryInitiator    : HHH000026: Second-level cache disabled
2025-12-12 23:00:30.770  INFO 19436 --- [restartedMain] o.s.o.j.p.SpringPersistenceUnitInfo      : No LoadTimeWeaver setup: ignoring JPA class transformer
2025-12-12 23:00:30.799  INFO 19436 --- [restartedMain] com.zaxxer.hikari.HikariDataSource       : HikariPool-1 - Starting...
2025-12-12 23:00:30.931  INFO 19436 --- [restartedMain] com.zaxxer.hikari.pool.HikariPool        : HikariPool-1 - Added connection conn0: url=jdbc:h2:mem:prueba3 user=SA
2025-12-12 23:00:30.932  INFO 19436 --- [restartedMain] com.zaxxer.hikari.HikariDataSource       : HikariPool-1 - Start completed.
2025-12-12 23:00:30.973  INFO 19436 --- [restartedMain] org.hibernate.orm.connections.pooling    : HHH10001005: Database info:
	Database JDBC URL [Connecting through datasource 'HikariDataSource (HikariPool-1)']
	Database driver: undefined/unknown
	Database version: 2.3.232
	Autocommit mode: undefined/unknown
	Isolation level: undefined/unknown
	Minimum pool size: undefined/unknown
	Maximum pool size: undefined/unknown
2025-12-12 23:00:31.758  INFO 19436 --- [restartedMain] o.h.e.t.j.p.i.JtaPlatformInitiator       : HHH000489: No JTA platform available (set 'hibernate.transaction.jta.platform' to enable JTA platform integration)
2025-12-12 23:00:31.771 DEBUG 19436 --- [restartedMain] org.hibernate.SQL                        : 
    drop table if exists carrera cascade 
2025-12-12 23:00:31.774 DEBUG 19436 --- [restartedMain] org.hibernate.SQL                        : 
    drop table if exists empresas cascade 
2025-12-12 23:00:31.774 DEBUG 19436 --- [restartedMain] org.hibernate.SQL                        : 
    drop table if exists estudiantes cascade 
2025-12-12 23:00:31.775 DEBUG 19436 --- [restartedMain] org.hibernate.SQL                        : 
    drop table if exists jefe_empresa cascade 
2025-12-12 23:00:31.775 DEBUG 19436 --- [restartedMain] org.hibernate.SQL                        : 
    drop table if exists practicas_profesionales cascade 
2025-12-12 23:00:31.775 DEBUG 19436 --- [restartedMain] org.hibernate.SQL                        : 
    drop table if exists profesores cascade 
2025-12-12 23:00:31.775 DEBUG 19436 --- [restartedMain] org.hibernate.SQL                        : 
    drop table if exists tipo_usuario cascade 
2025-12-12 23:00:31.779 DEBUG 19436 --- [restartedMain] org.hibernate.SQL                        : 
    create table carrera (
        id bigint generated by default as identity,
        nombre_carrera varchar(150) not null,
        primary key (id)
    )
2025-12-12 23:00:31.785 DEBUG 19436 --- [restartedMain] org.hibernate.SQL                        : 
    create table empresas (
        id bigint generated by default as identity,
        jefe_id bigint not null,
        telefono varchar(20),
        email varchar(150) unique,
        nombre varchar(150) not null,
        direccion varchar(200),
        primary key (id)
    )
2025-12-12 23:00:31.788 DEBUG 19436 --- [restartedMain] org.hibernate.SQL                        : 
    create table estudiantes (
        activo boolean not null,
        carrera_id bigint not null,
        id bigint generated by default as identity,
        tipo_usuario_id bigint not null,
        apellido varchar(100) not null,
        nombre varchar(100) not null,
        mail_estudiante varchar(150) not null unique,
        password varchar(255) not null,
        primary key (id)
    )
2025-12-12 23:00:31.789 DEBUG 19436 --- [restartedMain] org.hibernate.SQL                        : 
    create table jefe_empresa (
        id bigint generated by default as identity,
        apellidos varchar(100) not null,
        nombre varchar(100) not null,
        mail varchar(150) not null unique,
        primary key (id)
    )
2025-12-12 23:00:31.790 DEBUG 19436 --- [restartedMain] org.hibernate.SQL                        : 
    create table practicas_profesionales (
        fecha_fin date not null,
        fecha_inicio date not null,
        empresa_id bigint not null,
        estudiante_id bigint not null,
        id bigint generated by default as identity,
        profesor_id bigint not null,
        actividades TEXT,
        primary key (id)
    )
2025-12-12 23:00:31.791 DEBUG 19436 --- [restartedMain] org.hibernate.SQL                        : 
    create table profesores (
        activo boolean not null,
        id bigint generated by default as identity,
        tipo_usuario_id bigint not null,
        apellidos varchar(100) not null,
        nombres varchar(100) not null,
        correo_electronico varchar(150) not null unique,
        email varchar(150) not null unique,
        password varchar(255) not null,
        primary key (id)
    )
2025-12-12 23:00:31.793 DEBUG 19436 --- [restartedMain] org.hibernate.SQL                        : 
    create table tipo_usuario (
        id bigint generated by default as identity,
        tipo varchar(50) not null unique,
        primary key (id)
    )
2025-12-12 23:00:31.794 DEBUG 19436 --- [restartedMain] org.hibernate.SQL                        : 
    alter table if exists empresas 
       add constraint FKn5cqp3wmbq1ij9tydx9g8lcac 
       foreign key (jefe_id) 
       references jefe_empresa
2025-12-12 23:00:31.804 DEBUG 19436 --- [restartedMain] org.hibernate.SQL                        : 
    alter table if exists estudiantes 
       add constraint FK5w6b3jh3e6ci3dh8s8hycq177 
       foreign key (carrera_id) 
       references carrera
2025-12-12 23:00:31.804 DEBUG 19436 --- [restartedMain] org.hibernate.SQL                        : 
    alter table if exists estudiantes 
       add constraint FKjmquhjh80fld52mwpucj14gl8 
       foreign key (tipo_usuario_id) 
       references tipo_usuario
2025-12-12 23:00:31.806 DEBUG 19436 --- [restartedMain] org.hibernate.SQL                        : 
    alter table if exists practicas_profesionales 
       add constraint FK1n30g8df5vrxrv2bc4yib5rob 
       foreign key (empresa_id) 
       references empresas
2025-12-12 23:00:31.808 DEBUG 19436 --- [restartedMain] org.hibernate.SQL                        : 
    alter table if exists practicas_profesionales 
       add constraint FKboivm8ljxuqg164bgf2pxy8dx 
       foreign key (estudiante_id) 
       references estudiantes
2025-12-12 23:00:31.809 DEBUG 19436 --- [restartedMain] org.hibernate.SQL                        : 
    alter table if exists practicas_profesionales 
       add constraint FK1qryy7v5gnccdfp0nw8wt2fnn 
       foreign key (profesor_id) 
       references profesores
2025-12-12 23:00:31.810 DEBUG 19436 --- [restartedMain] org.hibernate.SQL                        : 
    alter table if exists profesores 
       add constraint FKo0i5bw8ski6xmqi2flnjmllx2 
       foreign key (tipo_usuario_id) 
       references tipo_usuario
2025-12-12 23:00:31.813  INFO 19436 --- [restartedMain] j.LocalContainerEntityManagerFactoryBean : Initialized JPA EntityManagerFactory for persistence unit 'default'
2025-12-12 23:00:32.616  INFO 19436 --- [restartedMain] o.s.b.a.w.s.WelcomePageHandlerMapping    : Adding welcome page template: index
2025-12-12 23:00:33.020  INFO 19436 --- [restartedMain] o.s.b.a.e.web.EndpointLinksResolver      : Exposing 1 endpoint beneath base path '/actuator'
2025-12-12 23:00:33.459  INFO 19436 --- [restartedMain] o.s.b.a.h2.H2ConsoleAutoConfiguration    : H2 console available at '/h2-console'. Database available at 'jdbc:h2:mem:prueba3'
2025-12-12 23:00:33.525  INFO 19436 --- [restartedMain] o.s.b.d.a.OptionalLiveReloadServer       : LiveReload server is running on port 35729
2025-12-12 23:00:33.628  INFO 19436 --- [restartedMain] o.a.coyote.http11.Http11NioProtocol      : Starting ProtocolHandler ["http-nio-8080"]
2025-12-12 23:00:33.647  INFO 19436 --- [restartedMain] o.s.b.w.embedded.tomcat.TomcatWebServer  : Tomcat started on port 8080 (http) with context path '/'
2025-12-12 23:00:33.665  INFO 19436 --- [restartedMain] c.w.prueba3.prueba3.Prueba3Application   : Started Prueba3Application in 6.878 seconds (process running for 7.55)
2025-12-12 23:00:33.683 DEBUG 19436 --- [restartedMain] o.h.e.t.internal.TransactionImpl         : On TransactionImpl creation, JpaCompliance#isJpaTransactionComplianceEnabled == false
2025-12-12 23:00:33.683 DEBUG 19436 --- [restartedMain] o.h.e.t.internal.TransactionImpl         : begin
2025-12-12 23:00:33.714 DEBUG 19436 --- [restartedMain] org.hibernate.SQL                        : 
    insert 
    into
        tipo_usuario
        (tipo, id) 
    values
        (?, default)
2025-12-12 23:00:33.749 DEBUG 19436 --- [restartedMain] o.h.e.t.internal.TransactionImpl         : committing
2025-12-12 23:00:33.756 DEBUG 19436 --- [restartedMain] o.h.e.t.internal.TransactionImpl         : On TransactionImpl creation, JpaCompliance#isJpaTransactionComplianceEnabled == false
2025-12-12 23:00:33.757 DEBUG 19436 --- [restartedMain] o.h.e.t.internal.TransactionImpl         : begin
2025-12-12 23:00:33.757 DEBUG 19436 --- [restartedMain] org.hibernate.SQL                        : 
    insert 
    into
        tipo_usuario
        (tipo, id) 
    values
        (?, default)
2025-12-12 23:00:33.757 DEBUG 19436 --- [restartedMain] o.h.e.t.internal.TransactionImpl         : committing
2025-12-12 23:00:33.758 DEBUG 19436 --- [restartedMain] o.h.e.t.internal.TransactionImpl         : On TransactionImpl creation, JpaCompliance#isJpaTransactionComplianceEnabled == false
2025-12-12 23:00:33.759 DEBUG 19436 --- [restartedMain] o.h.e.t.internal.TransactionImpl         : begin
2025-12-12 23:00:33.761 DEBUG 19436 --- [restartedMain] org.hibernate.SQL                        : 
    insert 
    into
        carrera
        (nombre_carrera, id) 
    values
        (?, default)
2025-12-12 23:00:33.762 DEBUG 19436 --- [restartedMain] o.h.e.t.internal.TransactionImpl         : committing
2025-12-12 23:00:33.763 DEBUG 19436 --- [restartedMain] o.h.e.t.internal.TransactionImpl         : On TransactionImpl creation, JpaCompliance#isJpaTransactionComplianceEnabled == false
2025-12-12 23:00:33.764 DEBUG 19436 --- [restartedMain] o.h.e.t.internal.TransactionImpl         : begin
2025-12-12 23:00:33.764 DEBUG 19436 --- [restartedMain] org.hibernate.SQL                        : 
    insert 
    into
        carrera
        (nombre_carrera, id) 
    values
        (?, default)
2025-12-12 23:00:33.765 DEBUG 19436 --- [restartedMain] o.h.e.t.internal.TransactionImpl         : committing
2025-12-12 23:00:33.765 DEBUG 19436 --- [restartedMain] o.h.e.t.internal.TransactionImpl         : On TransactionImpl creation, JpaCompliance#isJpaTransactionComplianceEnabled == false
2025-12-12 23:00:33.765 DEBUG 19436 --- [restartedMain] o.h.e.t.internal.TransactionImpl         : begin
2025-12-12 23:00:33.765 DEBUG 19436 --- [restartedMain] org.hibernate.SQL                        : 
    insert 
    into
        carrera
        (nombre_carrera, id) 
    values
        (?, default)
2025-12-12 23:00:33.765 DEBUG 19436 --- [restartedMain] o.h.e.t.internal.TransactionImpl         : committing
2025-12-12 23:00:33.828 DEBUG 19436 --- [restartedMain] o.h.e.t.internal.TransactionImpl         : On TransactionImpl creation, JpaCompliance#isJpaTransactionComplianceEnabled == false
2025-12-12 23:00:33.828 DEBUG 19436 --- [restartedMain] o.h.e.t.internal.TransactionImpl         : begin
2025-12-12 23:00:33.830 DEBUG 19436 --- [restartedMain] org.hibernate.SQL                        : 
    insert 
    into
        profesores
        (activo, apellidos, correo_electronico, email, nombres, password, tipo_usuario_id, id) 
    values
        (?, ?, ?, ?, ?, ?, ?, default)
2025-12-12 23:00:33.831 DEBUG 19436 --- [restartedMain] o.h.e.t.internal.TransactionImpl         : committing
2025-12-12 23:00:33.889 DEBUG 19436 --- [restartedMain] o.h.e.t.internal.TransactionImpl         : On TransactionImpl creation, JpaCompliance#isJpaTransactionComplianceEnabled == false
2025-12-12 23:00:33.889 DEBUG 19436 --- [restartedMain] o.h.e.t.internal.TransactionImpl         : begin
2025-12-12 23:00:33.890 DEBUG 19436 --- [restartedMain] org.hibernate.SQL                        : 
    insert 
    into
        profesores
        (activo, apellidos, correo_electronico, email, nombres, password, tipo_usuario_id, id) 
    values
        (?, ?, ?, ?, ?, ?, ?, default)
2025-12-12 23:00:33.891 DEBUG 19436 --- [restartedMain] o.h.e.t.internal.TransactionImpl         : committing
2025-12-12 23:00:33.949 DEBUG 19436 --- [restartedMain] o.h.e.t.internal.TransactionImpl         : On TransactionImpl creation, JpaCompliance#isJpaTransactionComplianceEnabled == false
2025-12-12 23:00:33.949 DEBUG 19436 --- [restartedMain] o.h.e.t.internal.TransactionImpl         : begin
2025-12-12 23:00:33.950 DEBUG 19436 --- [restartedMain] org.hibernate.SQL                        : 
    insert 
    into
        profesores
        (activo, apellidos, correo_electronico, email, nombres, password, tipo_usuario_id, id) 
    values
        (?, ?, ?, ?, ?, ?, ?, default)
2025-12-12 23:00:33.951 DEBUG 19436 --- [restartedMain] o.h.e.t.internal.TransactionImpl         : committing
2025-12-12 23:00:33.951 DEBUG 19436 --- [restartedMain] o.h.e.t.internal.TransactionImpl         : On TransactionImpl creation, JpaCompliance#isJpaTransactionComplianceEnabled == false
2025-12-12 23:00:33.951 DEBUG 19436 --- [restartedMain] o.h.e.t.internal.TransactionImpl         : begin
2025-12-12 23:00:33.952 DEBUG 19436 --- [restartedMain] org.hibernate.SQL                        : 
    insert 
    into
        jefe_empresa
        (apellidos, mail, nombre, id) 
    values
        (?, ?, ?, default)
2025-12-12 23:00:33.953 DEBUG 19436 --- [restartedMain] o.h.e.t.internal.TransactionImpl         : committing
2025-12-12 23:00:33.953 DEBUG 19436 --- [restartedMain] o.h.e.t.internal.TransactionImpl         : On TransactionImpl creation, JpaCompliance#isJpaTransactionComplianceEnabled == false
2025-12-12 23:00:33.954 DEBUG 19436 --- [restartedMain] o.h.e.t.internal.TransactionImpl         : begin
2025-12-12 23:00:33.954 DEBUG 19436 --- [restartedMain] org.hibernate.SQL                        : 
    insert 
    into
        jefe_empresa
        (apellidos, mail, nombre, id) 
    values
        (?, ?, ?, default)
2025-12-12 23:00:33.955 DEBUG 19436 --- [restartedMain] o.h.e.t.internal.TransactionImpl         : committing
2025-12-12 23:00:33.955 DEBUG 19436 --- [restartedMain] o.h.e.t.internal.TransactionImpl         : On TransactionImpl creation, JpaCompliance#isJpaTransactionComplianceEnabled == false
2025-12-12 23:00:33.956 DEBUG 19436 --- [restartedMain] o.h.e.t.internal.TransactionImpl         : begin
2025-12-12 23:00:33.956 DEBUG 19436 --- [restartedMain] org.hibernate.SQL                        : 
    insert 
    into
        jefe_empresa
        (apellidos, mail, nombre, id) 
    values
        (?, ?, ?, default)
2025-12-12 23:00:33.957 DEBUG 19436 --- [restartedMain] o.h.e.t.internal.TransactionImpl         : committing
2025-12-12 23:00:33.957 DEBUG 19436 --- [restartedMain] o.h.e.t.internal.TransactionImpl         : On TransactionImpl creation, JpaCompliance#isJpaTransactionComplianceEnabled == false
2025-12-12 23:00:33.957 DEBUG 19436 --- [restartedMain] o.h.e.t.internal.TransactionImpl         : begin
2025-12-12 23:00:33.957 DEBUG 19436 --- [restartedMain] org.hibernate.SQL                        : 
    insert 
    into
        empresas
        (direccion, email, jefe_id, nombre, telefono, id) 
    values
        (?, ?, ?, ?, ?, default)
2025-12-12 23:00:33.959 DEBUG 19436 --- [restartedMain] o.h.e.t.internal.TransactionImpl         : committing
2025-12-12 23:00:33.959 DEBUG 19436 --- [restartedMain] o.h.e.t.internal.TransactionImpl         : On TransactionImpl creation, JpaCompliance#isJpaTransactionComplianceEnabled == false
2025-12-12 23:00:33.960 DEBUG 19436 --- [restartedMain] o.h.e.t.internal.TransactionImpl         : begin
2025-12-12 23:00:33.960 DEBUG 19436 --- [restartedMain] org.hibernate.SQL                        : 
    insert 
    into
        empresas
        (direccion, email, jefe_id, nombre, telefono, id) 
    values
        (?, ?, ?, ?, ?, default)
2025-12-12 23:00:33.961 DEBUG 19436 --- [restartedMain] o.h.e.t.internal.TransactionImpl         : committing
2025-12-12 23:00:33.962 DEBUG 19436 --- [restartedMain] o.h.e.t.internal.TransactionImpl         : On TransactionImpl creation, JpaCompliance#isJpaTransactionComplianceEnabled == false
2025-12-12 23:00:33.962 DEBUG 19436 --- [restartedMain] o.h.e.t.internal.TransactionImpl         : begin
2025-12-12 23:00:33.962 DEBUG 19436 --- [restartedMain] org.hibernate.SQL                        : 
    insert 
    into
        empresas
        (direccion, email, jefe_id, nombre, telefono, id) 
    values
        (?, ?, ?, ?, ?, default)
2025-12-12 23:00:33.963 DEBUG 19436 --- [restartedMain] o.h.e.t.internal.TransactionImpl         : committing
2025-12-12 23:00:34.022 DEBUG 19436 --- [restartedMain] o.h.e.t.internal.TransactionImpl         : On TransactionImpl creation, JpaCompliance#isJpaTransactionComplianceEnabled == false
2025-12-12 23:00:34.022 DEBUG 19436 --- [restartedMain] o.h.e.t.internal.TransactionImpl         : begin
2025-12-12 23:00:34.023 DEBUG 19436 --- [restartedMain] org.hibernate.SQL                        : 
    insert 
    into
        estudiantes
        (activo, apellido, carrera_id, mail_estudiante, nombre, password, tipo_usuario_id, id) 
    values
        (?, ?, ?, ?, ?, ?, ?, default)
2025-12-12 23:00:34.024 DEBUG 19436 --- [restartedMain] o.h.e.t.internal.TransactionImpl         : committing
2025-12-12 23:00:34.081 DEBUG 19436 --- [restartedMain] o.h.e.t.internal.TransactionImpl         : On TransactionImpl creation, JpaCompliance#isJpaTransactionComplianceEnabled == false
2025-12-12 23:00:34.081 DEBUG 19436 --- [restartedMain] o.h.e.t.internal.TransactionImpl         : begin
2025-12-12 23:00:34.082 DEBUG 19436 --- [restartedMain] org.hibernate.SQL                        : 
    insert 
    into
        estudiantes
        (activo, apellido, carrera_id, mail_estudiante, nombre, password, tipo_usuario_id, id) 
    values
        (?, ?, ?, ?, ?, ?, ?, default)
2025-12-12 23:00:34.083 DEBUG 19436 --- [restartedMain] o.h.e.t.internal.TransactionImpl         : committing
2025-12-12 23:00:34.141 DEBUG 19436 --- [restartedMain] o.h.e.t.internal.TransactionImpl         : On TransactionImpl creation, JpaCompliance#isJpaTransactionComplianceEnabled == false
2025-12-12 23:00:34.141 DEBUG 19436 --- [restartedMain] o.h.e.t.internal.TransactionImpl         : begin
2025-12-12 23:00:34.142 DEBUG 19436 --- [restartedMain] org.hibernate.SQL                        : 
    insert 
    into
        estudiantes
        (activo, apellido, carrera_id, mail_estudiante, nombre, password, tipo_usuario_id, id) 
    values
        (?, ?, ?, ?, ?, ?, ?, default)
2025-12-12 23:00:34.142 DEBUG 19436 --- [restartedMain] o.h.e.t.internal.TransactionImpl         : committing
2025-12-12 23:00:34.201 DEBUG 19436 --- [restartedMain] o.h.e.t.internal.TransactionImpl         : On TransactionImpl creation, JpaCompliance#isJpaTransactionComplianceEnabled == false
2025-12-12 23:00:34.201 DEBUG 19436 --- [restartedMain] o.h.e.t.internal.TransactionImpl         : begin
2025-12-12 23:00:34.202 DEBUG 19436 --- [restartedMain] org.hibernate.SQL                        : 
    insert 
    into
        estudiantes
        (activo, apellido, carrera_id, mail_estudiante, nombre, password, tipo_usuario_id, id) 
    values
        (?, ?, ?, ?, ?, ?, ?, default)
2025-12-12 23:00:34.203 DEBUG 19436 --- [restartedMain] o.h.e.t.internal.TransactionImpl         : committing
2025-12-12 23:00:34.203 DEBUG 19436 --- [restartedMain] o.h.e.t.internal.TransactionImpl         : On TransactionImpl creation, JpaCompliance#isJpaTransactionComplianceEnabled == false
2025-12-12 23:00:34.204 DEBUG 19436 --- [restartedMain] o.h.e.t.internal.TransactionImpl         : begin
2025-12-12 23:00:34.213 DEBUG 19436 --- [restartedMain] org.hibernate.SQL                        : 
    insert 
    into
        practicas_profesionales
        (actividades, empresa_id, estudiante_id, fecha_fin, fecha_inicio, profesor_id, id) 
    values
        (?, ?, ?, ?, ?, ?, default)
2025-12-12 23:00:34.215 DEBUG 19436 --- [restartedMain] o.h.e.t.internal.TransactionImpl         : committing
2025-12-12 23:00:34.216 DEBUG 19436 --- [restartedMain] o.h.e.t.internal.TransactionImpl         : On TransactionImpl creation, JpaCompliance#isJpaTransactionComplianceEnabled == false
2025-12-12 23:00:34.216 DEBUG 19436 --- [restartedMain] o.h.e.t.internal.TransactionImpl         : begin
2025-12-12 23:00:34.217 DEBUG 19436 --- [restartedMain] org.hibernate.SQL                        : 
    insert 
    into
        practicas_profesionales
        (actividades, empresa_id, estudiante_id, fecha_fin, fecha_inicio, profesor_id, id) 
    values
        (?, ?, ?, ?, ?, ?, default)
2025-12-12 23:00:34.218 DEBUG 19436 --- [restartedMain] o.h.e.t.internal.TransactionImpl         : committing
2025-12-12 23:00:34.218 DEBUG 19436 --- [restartedMain] o.h.e.t.internal.TransactionImpl         : On TransactionImpl creation, JpaCompliance#isJpaTransactionComplianceEnabled == false
2025-12-12 23:00:34.218 DEBUG 19436 --- [restartedMain] o.h.e.t.internal.TransactionImpl         : begin
2025-12-12 23:00:34.219 DEBUG 19436 --- [restartedMain] org.hibernate.SQL                        : 
    insert 
    into
        practicas_profesionales
        (actividades, empresa_id, estudiante_id, fecha_fin, fecha_inicio, profesor_id, id) 
    values
        (?, ?, ?, ?, ?, ?, default)
2025-12-12 23:00:34.220 DEBUG 19436 --- [restartedMain] o.h.e.t.internal.TransactionImpl         : committing
2025-12-12 23:00:35.969  INFO 19436 --- [RMI TCP Connection(2)-127.0.0.1] o.a.c.c.C.[Tomcat].[localhost].[/]       : Initializing Spring DispatcherServlet 'dispatcherServlet'
2025-12-12 23:00:35.969  INFO 19436 --- [RMI TCP Connection(2)-127.0.0.1] o.s.web.servlet.DispatcherServlet        : Initializing Servlet 'dispatcherServlet'
2025-12-12 23:00:35.970  INFO 19436 --- [RMI TCP Connection(2)-127.0.0.1] o.s.web.servlet.DispatcherServlet        : Completed initialization in 1 ms
